<?xml version="1.0" encoding="UTF-8"?>
<!-- Generated by org.testng.reporters.JUnitReportReporter -->
<testsuite hostname="DIN52004860" failures="0" tests="1" name="StepDefinition.CheckLogin" time="9.293" errors="0" timestamp="03 May 2021 14:48:37 GMT" skipped="0">
  <testcase classname="StepDefinition.CheckLogin" name="testLogin" time="9.293"/>
</testsuite> <!-- StepDefinition.CheckLogin -->
