<?xml version="1.0" encoding="UTF-8"?>
<!-- Generated by org.testng.reporters.JUnitReportReporter -->
<testsuite hostname="DIN52004860" failures="0" tests="1" name="TestRunner.TestNGRunner" time="49.478" errors="0" timestamp="09 May 2021 11:15:34 GMT" skipped="0">
  <testcase classname="TestRunner.TestNGRunner" name="feature" time="49.478"/>
</testsuite> <!-- TestRunner.TestNGRunner -->
