<?xml version="1.0" encoding="UTF-8"?>
<!-- Generated by org.testng.reporters.JUnitReportReporter -->
<testsuite hostname="DIN52004860" failures="0" tests="5" name="StepDefinition.ExportCase" time="17.604" errors="0" timestamp="07 May 2021 07:50:33 GMT" skipped="0">
  <testcase classname="StepDefinition.ExportCase" name="user_navigates_to_login_page" time="2.968"/>
  <testcase classname="StepDefinition.ExportCase" name="user_logged_in_with_username_and_password" time="1.397"/>
  <testcase classname="StepDefinition.ExportCase" name="user_should_login_and_be_on_home_page" time="1.329"/>
  <testcase classname="StepDefinition.ExportCase" name="user_selects_case_from_dashboard_and_clicks_on_export_option" time="5.180"/>
  <testcase classname="StepDefinition.ExportCase" name="case_should_be_exported_to_documents_section" time="6.730"/>
</testsuite> <!-- StepDefinition.ExportCase -->
