<?xml version="1.0" encoding="UTF-8"?>
<!-- Generated by org.testng.reporters.JUnitReportReporter -->
<testsuite hostname="DIN52004860" failures="0" tests="6" name="StepDefinition.EditCase" time="9.580" errors="0" timestamp="06 May 2021 12:22:27 GMT" skipped="0">
  <testcase classname="StepDefinition.EditCase" name="user_navigates_to_the_login_page_of_FreeCRM" time="4.080"/>
  <testcase classname="StepDefinition.EditCase" name="user_logs_in_with_username_and_password_in_FreeCRM" time="1.571"/>
  <testcase classname="StepDefinition.EditCase" name="user_should_login_and_should_be_on_home_page_of_FreeCRM" time="1.428"/>
  <testcase classname="StepDefinition.EditCase" name="user_select_particular_case_and_click_on_edit" time="0.781"/>
  <testcase classname="StepDefinition.EditCase" name="user_should_edit_case_and_click_on_save" time="1.379"/>
  <testcase classname="StepDefinition.EditCase" name="user_should_able_to_see_edited_case" time="0.341"/>
</testsuite> <!-- StepDefinition.EditCase -->
