<?xml version="1.0" encoding="UTF-8"?>
<!-- Generated by org.testng.reporters.JUnitReportReporter -->
<testsuite hostname="DIN52004860" failures="0" tests="5" name="StepDefinition.ViewCase" time="11.078" errors="0" timestamp="05 May 2021 17:06:21 GMT" skipped="0">
  <testcase classname="StepDefinition.ViewCase" name="user_navigates_to_login_page_of_FreeCRM" time="4.408"/>
  <testcase classname="StepDefinition.ViewCase" name="user_enters_his_username_and_password" time="3.579"/>
  <testcase classname="StepDefinition.ViewCase" name="user_should_login_and_be_on_home_page_of_FreeCRM" time="1.344"/>
  <testcase classname="StepDefinition.ViewCase" name="user_select_particular_case_and_click_on_view" time="0.795"/>
  <testcase classname="StepDefinition.ViewCase" name="user_should_see_that_case" time="0.952"/>
</testsuite> <!-- StepDefinition.ViewCase -->
